<?xml version="1.0" encoding="UTF-8"?>
<testng-results ignored="0" total="1" passed="1" failed="0" skipped="0">
  <reporter-output>
  </reporter-output>
  <suite started-at="2024-08-22T23:04:21 PDT" name="Default suite" finished-at="2024-08-22T23:04:55 PDT" duration-ms="33931">
    <groups>
    </groups>
    <test started-at="2024-08-22T23:04:21 PDT" name="Default test" finished-at="2024-08-22T23:04:55 PDT" duration-ms="33931">
      <class name="com.CSVFileReading.CSVRead">
        <test-method is-config="true" signature="setup()[pri:0, instance:com.CSVFileReading.CSVRead@6b81ce95]" started-at="2024-08-22T23:04:21 PDT" name="setup" finished-at="2024-08-22T23:04:29 PDT" duration-ms="8313" status="PASS">
          <reporter-output>
          </reporter-output>
        </test-method> <!-- setup -->
        <test-method signature="Example()[pri:0, instance:com.CSVFileReading.CSVRead@6b81ce95]" started-at="2024-08-22T23:04:29 PDT" name="Example" finished-at="2024-08-22T23:04:54 PDT" duration-ms="25044" status="PASS">
          <reporter-output>
          </reporter-output>
        </test-method> <!-- Example -->
        <test-method is-config="true" signature="teardown()[pri:0, instance:com.CSVFileReading.CSVRead@6b81ce95]" started-at="2024-08-22T23:04:54 PDT" name="teardown" finished-at="2024-08-22T23:04:55 PDT" duration-ms="457" status="PASS">
          <reporter-output>
          </reporter-output>
        </test-method> <!-- teardown -->
      </class> <!-- com.CSVFileReading.CSVRead -->
    </test> <!-- Default test -->
  </suite> <!-- Default suite -->
</testng-results>
